\BOOKMARK [1][-]{section.1}{Introduction}{}% 1
\BOOKMARK [2][-]{subsection.1.1}{Research Question}{section.1}% 2
\BOOKMARK [1][-]{section.2}{Background}{}% 3
\BOOKMARK [2][-]{subsection.2.1}{Rate Law and Reaction Mechanism}{section.2}% 4
\BOOKMARK [2][-]{subsection.2.2}{Experimental Determination of Rate Law}{section.2}% 5
\BOOKMARK [2][-]{subsection.2.3}{Determination of Activation Energy}{section.2}% 6
\BOOKMARK [1][-]{section.3}{Hypothesis}{}% 7
\BOOKMARK [1][-]{section.4}{Variables}{}% 8
\BOOKMARK [2][-]{subsection.4.1}{Rate Law Experiment}{section.4}% 9
\BOOKMARK [2][-]{subsection.4.2}{Activation Energy Experiment}{section.4}% 10
\BOOKMARK [2][-]{subsection.4.3}{Universal Controls}{section.4}% 11
\BOOKMARK [1][-]{section.5}{Methodology}{}% 12
\BOOKMARK [2][-]{subsection.5.1}{Apparatus}{section.5}% 13
\BOOKMARK [2][-]{subsection.5.2}{Experimental Procedure}{section.5}% 14
\BOOKMARK [3][-]{subsubsection.5.2.1}{Rate Law Determination}{subsection.5.2}% 15
\BOOKMARK [3][-]{subsubsection.5.2.2}{Activation Energy Determination}{subsection.5.2}% 16
\BOOKMARK [2][-]{subsection.5.3}{Risk Assessment}{section.5}% 17
\BOOKMARK [1][-]{section.6}{Results}{}% 18
\BOOKMARK [2][-]{subsection.6.1}{Raw Data}{section.6}% 19
\BOOKMARK [2][-]{subsection.6.2}{Qualitative Data}{section.6}% 20
\BOOKMARK [2][-]{subsection.6.3}{Calculations}{section.6}% 21
\BOOKMARK [3][-]{subsubsection.6.3.1}{Rate Law Experiment}{subsection.6.3}% 22
\BOOKMARK [3][-]{subsubsection.6.3.2}{Activation Energy Experiment}{subsection.6.3}% 23
\BOOKMARK [2][-]{subsection.6.4}{Processed Data}{section.6}% 24
\BOOKMARK [2][-]{subsection.6.5}{Analysis}{section.6}% 25
\BOOKMARK [1][-]{section.7}{Evaluation}{}% 26
\BOOKMARK [2][-]{subsection.7.1}{Error Evaluation}{section.7}% 27
\BOOKMARK [3][-]{subsubsection.7.1.1}{Equipment}{subsection.7.1}% 28
\BOOKMARK [3][-]{subsubsection.7.1.2}{Experimental Design}{subsection.7.1}% 29
\BOOKMARK [3][-]{subsubsection.7.1.3}{Summary}{subsection.7.1}% 30
\BOOKMARK [2][-]{subsection.7.2}{Comparison to Scientific Literature}{section.7}% 31
\BOOKMARK [2][-]{subsection.7.3}{Extensions}{section.7}% 32
\BOOKMARK [1][-]{section.8}{Conclusion}{}% 33
