This is pdfTeX, Version 3.14159265-2.6-1.40.21 (MiKTeX 20.7) (preloaded format=pdflatex 2020.8.26)  1 JAN 2021 17:01
entering extended mode
**C:/Users/rohan/IA/IA_stuff/Chemistry/chem_ia.tex
(C:/Users/rohan/IA/IA_stuff/Chemistry/chem_ia.tex
LaTeX2e <2020-02-02> patch level 5
L3 programming layer <2020-08-07>
("C:\Program Files\MiKTeX 2.9\tex/latex/extsizes\extarticle.cls"
Document Class: extarticle 1996/10/08 v1.0 Non Standard LaTeX document class
("C:\Program Files\MiKTeX 2.9\tex/latex/extsizes\size9.clo"
File: size9.clo 1999/11/11 v1.4a NON-Standard LaTeX file (size option)
)
("C:\Program Files\MiKTeX 2.9\tex/latex/base\exscale.sty"
Package: exscale 2018/09/24 v2.1i Standard LaTeX package exscale
LaTeX Font Info:    Redeclaring symbol font `largesymbols' on input line 57.
LaTeX Font Info:    Overwriting symbol font `largesymbols' in version `normal'
(Font)                  OMX/cmex/m/n --> OMX/cmex/m/n on input line 57.
LaTeX Font Info:    Overwriting symbol font `largesymbols' in version `bold'
(Font)                  OMX/cmex/m/n --> OMX/cmex/m/n on input line 57.
\big@size=\dimen134
)
\c@part=\count168
\c@section=\count169
\c@subsection=\count170
\c@subsubsection=\count171
\c@paragraph=\count172
\c@subparagraph=\count173
\c@figure=\count174
\c@table=\count175
\abovecaptionskip=\skip47
\belowcaptionskip=\skip48
\bibindent=\dimen135
)
\blackoutwidth=\skip49

("C:\Program Files\MiKTeX 2.9\tex/latex/preprint\balance.sty"
Package: balance 1999/02/23 4.3 (PWD)
\oldvsize=\dimen136
)
("C:\Program Files\MiKTeX 2.9\tex/latex/graphics\graphics.sty"
Package: graphics 2019/11/30 v1.4a Standard LaTeX Graphics (DPC,SPQR)

("C:\Program Files\MiKTeX 2.9\tex/latex/graphics\trig.sty"
Package: trig 2016/01/03 v1.10 sin cos tan (DPC)
)
("C:\Program Files\MiKTeX 2.9\tex/latex/graphics-cfg\graphics.cfg"
File: graphics.cfg 2016/06/04 v1.11 sample graphics configuration
)
Package graphics Info: Driver file: pdftex.def on input line 105.

("C:\Program Files\MiKTeX 2.9\tex/latex/graphics-def\pdftex.def"
File: pdftex.def 2018/01/08 v1.0l Graphics/color driver for pdftex
))
("C:\Program Files\MiKTeX 2.9\tex/latex/base\fontenc.sty"
Package: fontenc 2020/02/11 v2.0o Standard LaTeX package
)
("C:\Program Files\MiKTeX 2.9\tex/latex/txfonts\txfonts.sty"
Package: txfonts 2008/01/22 v3.2.1
LaTeX Font Info:    Redeclaring symbol font `operators' on input line 21.
LaTeX Font Info:    Overwriting symbol font `operators' in version `normal'
(Font)                  OT1/cmr/m/n --> OT1/txr/m/n on input line 21.
LaTeX Font Info:    Overwriting symbol font `operators' in version `bold'
(Font)                  OT1/cmr/bx/n --> OT1/txr/m/n on input line 21.
LaTeX Font Info:    Overwriting symbol font `operators' in version `bold'
(Font)                  OT1/txr/m/n --> OT1/txr/bx/n on input line 22.
\symitalic=\mathgroup4
LaTeX Font Info:    Overwriting symbol font `italic' in version `bold'
(Font)                  OT1/txr/m/it --> OT1/txr/bx/it on input line 26.
LaTeX Font Info:    Redeclaring math alphabet \mathbf on input line 29.
LaTeX Font Info:    Overwriting math alphabet `\mathbf' in version `normal'
(Font)                  OT1/cmr/bx/n --> OT1/txr/bx/n on input line 29.
LaTeX Font Info:    Overwriting math alphabet `\mathbf' in version `bold'
(Font)                  OT1/cmr/bx/n --> OT1/txr/bx/n on input line 29.
LaTeX Font Info:    Redeclaring math alphabet \mathit on input line 30.
LaTeX Font Info:    Overwriting math alphabet `\mathit' in version `normal'
(Font)                  OT1/cmr/m/it --> OT1/txr/m/it on input line 30.
LaTeX Font Info:    Overwriting math alphabet `\mathit' in version `bold'
(Font)                  OT1/cmr/bx/it --> OT1/txr/m/it on input line 30.
LaTeX Font Info:    Overwriting math alphabet `\mathit' in version `bold'
(Font)                  OT1/txr/m/it --> OT1/txr/bx/it on input line 31.
LaTeX Font Info:    Redeclaring math alphabet \mathsf on input line 40.
LaTeX Font Info:    Overwriting math alphabet `\mathsf' in version `normal'
(Font)                  OT1/cmss/m/n --> OT1/txss/m/n on input line 40.
LaTeX Font Info:    Overwriting math alphabet `\mathsf' in version `bold'
(Font)                  OT1/cmss/bx/n --> OT1/txss/m/n on input line 40.
LaTeX Font Info:    Overwriting math alphabet `\mathsf' in version `bold'
(Font)                  OT1/txss/m/n --> OT1/txss/b/n on input line 41.
LaTeX Font Info:    Redeclaring math alphabet \mathtt on input line 50.
LaTeX Font Info:    Overwriting math alphabet `\mathtt' in version `normal'
(Font)                  OT1/cmtt/m/n --> OT1/txtt/m/n on input line 50.
LaTeX Font Info:    Overwriting math alphabet `\mathtt' in version `bold'
(Font)                  OT1/cmtt/m/n --> OT1/txtt/m/n on input line 50.
LaTeX Font Info:    Overwriting math alphabet `\mathtt' in version `bold'
(Font)                  OT1/txtt/m/n --> OT1/txtt/b/n on input line 51.
LaTeX Font Info:    Redeclaring symbol font `letters' on input line 58.
LaTeX Font Info:    Overwriting symbol font `letters' in version `normal'
(Font)                  OML/cmm/m/it --> OML/txmi/m/it on input line 58.
LaTeX Font Info:    Overwriting symbol font `letters' in version `bold'
(Font)                  OML/cmm/b/it --> OML/txmi/m/it on input line 58.
LaTeX Font Info:    Overwriting symbol font `letters' in version `bold'
(Font)                  OML/txmi/m/it --> OML/txmi/bx/it on input line 59.
\symlettersA=\mathgroup5
LaTeX Font Info:    Overwriting symbol font `lettersA' in version `bold'
(Font)                  U/txmia/m/it --> U/txmia/bx/it on input line 67.
LaTeX Font Info:    Redeclaring symbol font `symbols' on input line 77.
LaTeX Font Info:    Overwriting symbol font `symbols' in version `normal'
(Font)                  OMS/cmsy/m/n --> OMS/txsy/m/n on input line 77.
LaTeX Font Info:    Overwriting symbol font `symbols' in version `bold'
(Font)                  OMS/cmsy/b/n --> OMS/txsy/m/n on input line 77.
LaTeX Font Info:    Overwriting symbol font `symbols' in version `bold'
(Font)                  OMS/txsy/m/n --> OMS/txsy/bx/n on input line 78.
\symAMSa=\mathgroup6
LaTeX Font Info:    Overwriting symbol font `AMSa' in version `bold'
(Font)                  U/txsya/m/n --> U/txsya/bx/n on input line 94.
\symAMSb=\mathgroup7
LaTeX Font Info:    Overwriting symbol font `AMSb' in version `bold'
(Font)                  U/txsyb/m/n --> U/txsyb/bx/n on input line 103.
\symsymbolsC=\mathgroup8
LaTeX Font Info:    Overwriting symbol font `symbolsC' in version `bold'
(Font)                  U/txsyc/m/n --> U/txsyc/bx/n on input line 113.
LaTeX Font Info:    Redeclaring symbol font `largesymbols' on input line 120.
LaTeX Font Info:    Overwriting symbol font `largesymbols' in version `normal'
(Font)                  OMX/cmex/m/n --> OMX/txex/m/n on input line 120.
LaTeX Font Info:    Overwriting symbol font `largesymbols' in version `bold'
(Font)                  OMX/cmex/m/n --> OMX/txex/m/n on input line 120.
LaTeX Font Info:    Overwriting symbol font `largesymbols' in version `bold'
(Font)                  OMX/txex/m/n --> OMX/txex/bx/n on input line 121.
\symlargesymbolsA=\mathgroup9
LaTeX Font Info:    Overwriting symbol font `largesymbolsA' in version `bold'
(Font)                  U/txexa/m/n --> U/txexa/bx/n on input line 129.
LaTeX Font Info:    Redeclaring math symbol \mathsterling on input line 164.
LaTeX Font Info:    Redeclaring math symbol \hbar on input line 591.
LaTeX Info: Redefining \not on input line 1043.
)
("C:\Program Files\MiKTeX 2.9\tex/latex/cellspace\cellspace.sty"
Package: cellspace 2019/03/11 v1.8.1 Spacing table cells (JN)

("C:\Program Files\MiKTeX 2.9\tex/latex/base\ifthen.sty"
Package: ifthen 2014/09/29 v1.1c Standard LaTeX ifthen package (DPC)
)
("C:\Program Files\MiKTeX 2.9\tex/latex/tools\array.sty"
Package: array 2019/08/31 v2.4l Tabular extension package (FMi)
\col@sep=\dimen137
\ar@mcellbox=\box45
\extrarowheight=\dimen138
\NC@list=\toks15
\extratabsurround=\skip50
\backup@length=\skip51
\ar@cellbox=\box46
)
("C:\Program Files\MiKTeX 2.9\tex/latex/tools\calc.sty"
Package: calc 2017/05/25 v4.3 Infix arithmetic (KKT,FJ)
\calc@Acount=\count176
\calc@Bcount=\count177
\calc@Adimen=\dimen139
\calc@Bdimen=\dimen140
\calc@Askip=\skip52
\calc@Bskip=\skip53
LaTeX Info: Redefining \setlength on input line 80.
LaTeX Info: Redefining \addtolength on input line 81.
\calc@Ccount=\count178
\calc@Cskip=\skip54
)
("C:\Program Files\MiKTeX 2.9\tex/latex/xkeyval\xkeyval.sty"
Package: xkeyval 2014/12/03 v2.7a package option processing (HA)

("C:\Program Files\MiKTeX 2.9\tex/generic/xkeyval\xkeyval.tex"
("C:\Program Files\MiKTeX 2.9\tex/generic/xkeyval\xkvutils.tex"
\XKV@toks=\toks16
\XKV@tempa@toks=\toks17

("C:\Program Files\MiKTeX 2.9\tex/generic/xkeyval\keyval.tex"))
\XKV@depth=\count179
File: xkeyval.tex 2014/12/03 v2.7a key=value parser (HA)
))
\cellspacetoplimit=\dimen141
\cellspacebottomlimit=\dimen142
\cellspace@firstht=\dimen143
\cellspace@lastdp=\dimen144
)
("C:\Program Files\MiKTeX 2.9\tex/latex/tools\tabularx.sty"
Package: tabularx 2020/01/15 v2.11c `tabularx' package (DPC)
\TX@col@width=\dimen145
\TX@old@table=\dimen146
\TX@old@col=\dimen147
\TX@target=\dimen148
\TX@delta=\dimen149
\TX@cols=\count180
\TX@ftn=\toks18
)
("C:\Program Files\MiKTeX 2.9\tex/latex/graphics\graphicx.sty"
Package: graphicx 2019/11/30 v1.2a Enhanced LaTeX Graphics (DPC,SPQR)
\Gin@req@height=\dimen150
\Gin@req@width=\dimen151
)
("C:\Program Files\MiKTeX 2.9\tex/latex/graphics\color.sty"
Package: color 2019/11/23 v1.2a Standard LaTeX Color (DPC)

("C:\Program Files\MiKTeX 2.9\tex/latex/graphics-cfg\color.cfg"
File: color.cfg 2016/01/02 v1.6 sample color configuration
)
Package color Info: Driver file: pdftex.def on input line 147.
)
("C:\Program Files\MiKTeX 2.9\tex/latex/booktabs\booktabs.sty"
Package: booktabs 2020/01/12 v1.61803398 Publication quality tables
\heavyrulewidth=\dimen152
\lightrulewidth=\dimen153
\cmidrulewidth=\dimen154
\belowrulesep=\dimen155
\belowbottomsep=\dimen156
\aboverulesep=\dimen157
\abovetopsep=\dimen158
\cmidrulesep=\dimen159
\cmidrulekern=\dimen160
\defaultaddspace=\dimen161
\@cmidla=\count181
\@cmidlb=\count182
\@aboverulesep=\dimen162
\@belowrulesep=\dimen163
\@thisruleclass=\count183
\@lastruleclass=\count184
\@thisrulewidth=\dimen164
)
("C:\Program Files\MiKTeX 2.9\tex/latex/base\textcomp.sty"
Package: textcomp 2020/02/02 v2.0n Standard LaTeX package
)
("C:\Program Files\MiKTeX 2.9\tex/latex/sttools\cuted.sty"
Package: cuted 2012/10/04 v1.5 Mixing onecolumn and twocolumn modes
\At@ViperColsBreak=\toks19
\v@aaa=\box47
\v@ccc=\box48
\lastskip@a=\skip55
\lastskip@b=\skip56
\lastskip@d=\skip57
\lastbox@a=\box49
\stripsep=\skip58
\@viper=\box50
\viper@penalty=\count185
\hold@viper=\box51
\ht@viper=\dimen165
)
("C:\Program Files\MiKTeX 2.9\tex/latex/capt-of\capt-of.sty"
Package: capt-of 2009/12/29 v0.2 standard captions outside of floats
)
("C:\Program Files\MiKTeX 2.9\tex/latex/enumitem\enumitem.sty"
Package: enumitem 2019/06/20 v3.9 Customized lists
\enitkv@toks@=\toks20
\labelindent=\skip59
\enit@outerparindent=\dimen166
\enit@toks=\toks21
\enit@inbox=\box52
\enit@count@id=\count186
\enitdp@description=\count187
)
("C:\Program Files\MiKTeX 2.9\tex/latex/multirow\multirow.sty"
Package: multirow 2019/05/31 v2.5 Span multiple rows of a table
\multirow@colwidth=\skip60
\multirow@cntb=\count188
\multirow@dima=\skip61
\bigstrutjot=\dimen167
)
("C:\Program Files\MiKTeX 2.9\tex/latex/hyperref\hyperref.sty"
Package: hyperref 2020-05-15 v7.00e Hypertext links for LaTeX

("C:\Program Files\MiKTeX 2.9\tex/generic/ltxcmds\ltxcmds.sty"
Package: ltxcmds 2019/12/15 v1.24 LaTeX kernel commands for general use (HO)
)
("C:\Program Files\MiKTeX 2.9\tex/generic/iftex\iftex.sty"
Package: iftex 2020/03/06 v1.0d TeX engine tests
)
("C:\Program Files\MiKTeX 2.9\tex/generic/pdftexcmds\pdftexcmds.sty"
Package: pdftexcmds 2020-06-27 v0.33 Utility functions of pdfTeX for LuaTeX (HO
)

("C:\Program Files\MiKTeX 2.9\tex/generic/infwarerr\infwarerr.sty"
Package: infwarerr 2019/12/03 v1.5 Providing info/warning/error messages (HO)
)
Package pdftexcmds Info: \pdf@primitive is available.
Package pdftexcmds Info: \pdf@ifprimitive is available.
Package pdftexcmds Info: \pdfdraftmode found.
)
("C:\Program Files\MiKTeX 2.9\tex/generic/kvsetkeys\kvsetkeys.sty"
Package: kvsetkeys 2019/12/15 v1.18 Key value parser (HO)
)
("C:\Program Files\MiKTeX 2.9\tex/generic/kvdefinekeys\kvdefinekeys.sty"
Package: kvdefinekeys 2019-12-19 v1.6 Define keys (HO)
)
("C:\Program Files\MiKTeX 2.9\tex/generic/pdfescape\pdfescape.sty"
Package: pdfescape 2019/12/09 v1.15 Implements pdfTeX's escape features (HO)
)
("C:\Program Files\MiKTeX 2.9\tex/latex/hycolor\hycolor.sty"
Package: hycolor 2020-01-27 v1.10 Color options for hyperref/bookmark (HO)
)
("C:\Program Files\MiKTeX 2.9\tex/latex/letltxmacro\letltxmacro.sty"
Package: letltxmacro 2019/12/03 v1.6 Let assignment for LaTeX macros (HO)
)
("C:\Program Files\MiKTeX 2.9\tex/latex/auxhook\auxhook.sty"
Package: auxhook 2019-12-17 v1.6 Hooks for auxiliary files (HO)
)
("C:\Program Files\MiKTeX 2.9\tex/latex/kvoptions\kvoptions.sty"
Package: kvoptions 2019/11/29 v3.13 Key value format for package options (HO)
)
\@linkdim=\dimen168
\Hy@linkcounter=\count189
\Hy@pagecounter=\count190

("C:\Program Files\MiKTeX 2.9\tex/latex/hyperref\pd1enc.def"
File: pd1enc.def 2020-05-15 v7.00e Hyperref: PDFDocEncoding definition (HO)
Now handling font encoding PD1 ...
... no UTF-8 mapping file for font encoding PD1
)
("C:\Program Files\MiKTeX 2.9\tex/generic/intcalc\intcalc.sty"
Package: intcalc 2019/12/15 v1.3 Expandable calculations with integers (HO)
)
("C:\Program Files\MiKTeX 2.9\tex/generic/etexcmds\etexcmds.sty"
Package: etexcmds 2019/12/15 v1.7 Avoid name clashes with e-TeX commands (HO)
)
\Hy@SavedSpaceFactor=\count191
Package hyperref Info: Option `colorlinks' set `true' on input line 4338.
Package hyperref Info: Hyper figures OFF on input line 4464.
Package hyperref Info: Link nesting OFF on input line 4469.
Package hyperref Info: Hyper index ON on input line 4472.
Package hyperref Info: Plain pages OFF on input line 4479.
Package hyperref Info: Backreferencing OFF on input line 4484.
Package hyperref Info: Implicit mode ON; LaTeX internals redefined.
Package hyperref Info: Bookmarks ON on input line 4717.
\c@Hy@tempcnt=\count192

("C:\Program Files\MiKTeX 2.9\tex/latex/url\url.sty"
\Urlmuskip=\muskip16
Package: url 2013/09/16  ver 3.4  Verb mode for urls, etc.
)
LaTeX Info: Redefining \url on input line 5076.
\XeTeXLinkMargin=\dimen169

("C:\Program Files\MiKTeX 2.9\tex/generic/bitset\bitset.sty"
Package: bitset 2019/12/09 v1.3 Handle bit-vector datatype (HO)

("C:\Program Files\MiKTeX 2.9\tex/generic/bigintcalc\bigintcalc.sty"
Package: bigintcalc 2019/12/15 v1.5 Expandable calculations on big integers (HO
)
))
\Fld@menulength=\count193
\Field@Width=\dimen170
\Fld@charsize=\dimen171
Package hyperref Info: Hyper figures OFF on input line 6347.
Package hyperref Info: Link nesting OFF on input line 6352.
Package hyperref Info: Hyper index ON on input line 6355.
Package hyperref Info: backreferencing OFF on input line 6362.
Package hyperref Info: Link coloring ON on input line 6365.
Package hyperref Info: Link coloring with OCG OFF on input line 6372.
Package hyperref Info: PDF/A mode OFF on input line 6377.
LaTeX Info: Redefining \ref on input line 6417.
LaTeX Info: Redefining \pageref on input line 6421.

("C:\Program Files\MiKTeX 2.9\tex/generic/atbegshi\atbegshi.sty"
Package: atbegshi 2019/12/05 v1.19 At begin shipout hook (HO)
)
\Hy@abspage=\count194
\c@Item=\count195
\c@Hfootnote=\count196
)
Package hyperref Info: Driver: hpdftex.

("C:\Program Files\MiKTeX 2.9\tex/latex/hyperref\hpdftex.def"
File: hpdftex.def 2020-05-15 v7.00e Hyperref driver for pdfTeX

("C:\Program Files\MiKTeX 2.9\tex/latex/atveryend\atveryend.sty"
Package: atveryend 2019-12-11 v1.11 Hooks at the very end of document (HO)
Package atveryend Info: \enddocument detected (standard20110627).
)
\Fld@listcount=\count197
\c@bookmark@seq@number=\count198

("C:\Program Files\MiKTeX 2.9\tex/latex/rerunfilecheck\rerunfilecheck.sty"
Package: rerunfilecheck 2019/12/05 v1.9 Rerun checks for auxiliary files (HO)

("C:\Program Files\MiKTeX 2.9\tex/generic/uniquecounter\uniquecounter.sty"
Package: uniquecounter 2019/12/15 v1.4 Provide unlimited unique counter (HO)
)
Package uniquecounter Info: New unique counter `rerunfilecheck' on input line 2
86.
)
\Hy@SectionHShift=\skip62
)
(preamble/preamble.tex ("C:\Program Files\MiKTeX 2.9\tex/latex/minted\minted.st
y"
Package: minted 2017/07/19 v2.5 Yet another Pygments shim for LaTeX
 ("C:\Program Files\MiKTeX 2.9\tex/latex/fvextra\fvextra.sty"
Package: fvextra 2019/02/04 v1.4 fvextra - extensions and patches for fancyvrb

("C:\Program Files\MiKTeX 2.9\tex/latex/etoolbox\etoolbox.sty"
Package: etoolbox 2020/07/15 v2.5i e-TeX tools for LaTeX (JAW)
\etb@tempcnta=\count199
)
("C:\Program Files\MiKTeX 2.9\tex/latex/fancyvrb\fancyvrb.sty"
Package: fancyvrb 2020/05/03 v3.6 verbatim text (tvz,hv)
\FV@CodeLineNo=\count266
\FV@InFile=\read2
\FV@TabBox=\box53
\c@FancyVerbLine=\count267
\FV@StepNumber=\count268
\FV@OutFile=\write3
)
("C:\Program Files\MiKTeX 2.9\tex/latex/upquote\upquote.sty"
Package: upquote 2012/04/19 v1.3 upright-quote and grave-accent glyphs in verba
tim
)
("C:\Program Files\MiKTeX 2.9\tex/latex/lineno\lineno.sty"
Package: lineno 2005/11/02 line numbers on paragraphs v4.41
\linenopenalty=\count269
\output=\toks22
\linenoprevgraf=\count270
\linenumbersep=\dimen172
\linenumberwidth=\dimen173
\c@linenumber=\count271
\c@pagewiselinenumber=\count272
\c@LN@truepage=\count273
\c@internallinenumber=\count274
\c@internallinenumbers=\count275
\quotelinenumbersep=\dimen174
\bframerule=\dimen175
\bframesep=\dimen176
\bframebox=\box54
LaTeX Info: Redefining \\ on input line 3056.
)
\c@FV@TrueTabGroupLevel=\count276
\c@FV@TrueTabCounter=\count277
\FV@TabBox@Group=\box55
\FV@TmpLength=\skip63
\c@FV@HighlightLinesStart=\count278
\c@FV@HighlightLinesStop=\count279
\FV@LoopCount=\count280
\FV@NCharsBox=\box56
\FV@BreakIndent=\dimen177
\FV@BreakIndentNChars=\count281
\FV@BreakSymbolSepLeft=\dimen178
\FV@BreakSymbolSepLeftNChars=\count282
\FV@BreakSymbolSepRight=\dimen179
\FV@BreakSymbolSepRightNChars=\count283
\FV@BreakSymbolIndentLeft=\dimen180
\FV@BreakSymbolIndentLeftNChars=\count284
\FV@BreakSymbolIndentRight=\dimen181
\FV@BreakSymbolIndentRightNChars=\count285
\c@FancyVerbLineBreakLast=\count286
\FV@LineBox=\box57
\FV@LineIndentBox=\box58
\FV@LineWidth=\dimen182
)
("C:\Program Files\MiKTeX 2.9\tex/latex/tools\shellesc.sty"
Package: shellesc 2019/11/08 v1.0c unified shell escape interface for LaTeX
Package shellesc Info: Unrestricted shell escape enabled on input line 75.
)
("C:\Program Files\MiKTeX 2.9\tex/latex/ifplatform\ifplatform.sty"
Package: ifplatform 2017/10/13 v0.4a Testing for the operating system

("C:\Program Files\MiKTeX 2.9\tex/generic/catchfile\catchfile.sty"
Package: catchfile 2019/12/09 v1.8 Catch the contents of a file (HO)
)
("C:\Program Files\MiKTeX 2.9\tex/generic/iftex\ifluatex.sty"
Package: ifluatex 2019/10/25 v1.5 ifluatex legacy package. Use iftex instead.
))
("C:\Program Files\MiKTeX 2.9\tex/latex/xstring\xstring.sty"
("C:\Program Files\MiKTeX 2.9\tex/generic/xstring\xstring.tex"
\integerpart=\count287
\decimalpart=\count288
)
Package: xstring 2019/02/06 v1.83 String manipulations (CT)
)
("C:\Program Files\MiKTeX 2.9\tex/latex/framed\framed.sty"
Package: framed 2011/10/22 v 0.96: framed or shaded text with page breaks
\OuterFrameSep=\skip64
\fb@frw=\dimen183
\fb@frh=\dimen184
\FrameRule=\dimen185
\FrameSep=\dimen186
)
("C:\Program Files\MiKTeX 2.9\tex/latex/float\float.sty"
Package: float 2001/11/08 v1.3d Float enhancements (AL)
\c@float@type=\count289
\float@exts=\toks23
\float@box=\box59
\@float@everytoks=\toks24
\@floatcapt=\box60
)
\minted@appexistsfile=\read3
\minted@bgbox=\box61
\minted@code=\write4
\c@minted@FancyVerbLineTemp=\count290
\c@minted@pygmentizecounter=\count291
\@float@every@listing=\toks25
\c@listing=\count292
)
runsystem(if not exist _minted-chem_ia mkdir _minted-chem_ia)...executed.


("C:\Program Files\MiKTeX 2.9\tex/latex/mhchem\mhchem.sty"
Package: mhchem 2018/06/22 v4.08 for typesetting chemical formulae

("C:\Program Files\MiKTeX 2.9\tex/latex/l3kernel\expl3.sty"
Package: expl3 2020-08-07 L3 programming layer (loader) 

("C:\Program Files\MiKTeX 2.9\tex/latex/l3backend\l3backend-pdfmode.def"
File: l3backend-pdfmode.def 2020-08-07 L3 backend support: PDF mode
\l__kernel_color_stack_int=\count293
\l__pdf_internal_box=\box62
))
("C:\Program Files\MiKTeX 2.9\tex/latex/l3packages/l3keys2e\l3keys2e.sty"
Package: l3keys2e 2020-05-15 LaTeX2e option processing using LaTeX3 keys
)
("C:\Program Files\MiKTeX 2.9\tex/latex/amsmath\amsmath.sty"
Package: amsmath 2020/01/20 v2.17e AMS math features
\@mathmargin=\skip65

For additional information on amsmath, use the `?' option.
("C:\Program Files\MiKTeX 2.9\tex/latex/amsmath\amstext.sty"
Package: amstext 2000/06/29 v2.01 AMS text

("C:\Program Files\MiKTeX 2.9\tex/latex/amsmath\amsgen.sty"
File: amsgen.sty 1999/11/30 v2.0 generic functions
\@emptytoks=\toks26
\ex@=\dimen187
))
("C:\Program Files\MiKTeX 2.9\tex/latex/amsmath\amsbsy.sty"
Package: amsbsy 1999/11/29 v1.2d Bold Symbols
\pmbraise@=\dimen188
)
("C:\Program Files\MiKTeX 2.9\tex/latex/amsmath\amsopn.sty"
Package: amsopn 2016/03/08 v2.02 operator names
)
\inf@bad=\count294
LaTeX Info: Redefining \frac on input line 227.
\uproot@=\count295
\leftroot@=\count296
LaTeX Info: Redefining \overline on input line 389.
\classnum@=\count297
\DOTSCASE@=\count298
LaTeX Info: Redefining \ldots on input line 486.
LaTeX Info: Redefining \dots on input line 489.
LaTeX Info: Redefining \cdots on input line 610.
\Mathstrutbox@=\box63
\strutbox@=\box64
\big@size=\dimen189
LaTeX Font Info:    Redeclaring font encoding OML on input line 733.
LaTeX Font Info:    Redeclaring font encoding OMS on input line 734.
\macc@depth=\count299
\c@MaxMatrixCols=\count300
\dotsspace@=\muskip17
\c@parentequation=\count301
\dspbrk@lvl=\count302
\tag@help=\toks27
\row@=\count303
\column@=\count304
\maxfields@=\count305
\andhelp@=\toks28
\eqnshift@=\dimen190
\alignsep@=\dimen191
\tagshift@=\dimen192
\tagwidth@=\dimen193
\totwidth@=\dimen194
\lineht@=\dimen195
\@envbody=\toks29
\multlinegap=\skip66
\multlinetaggap=\skip67
\mathdisplay@stack=\toks30
LaTeX Info: Redefining \[ on input line 2859.
LaTeX Info: Redefining \] on input line 2860.
)
("C:\Program Files\MiKTeX 2.9\tex/latex/chemgreek\chemgreek.sty"
("C:\Program Files\MiKTeX 2.9\tex/latex/l3packages/xparse\xparse.sty"
Package: xparse 2020-05-15 L3 Experimental document command parser

("C:\Program Files\MiKTeX 2.9\tex/latex/l3packages/xparse\xparse-generic.tex"
\l__xparse_current_arg_int=\count306
\g__xparse_grabber_int=\count307
\l__xparse_m_args_int=\count308
\l__xparse_v_nesting_int=\count309
))
Package: chemgreek 2020/01/16 v1.1a interface for upright Greek letters for use
 in chemistry (CN)
\l__chemgreek_tmpa_int=\count310
\g__chemgreek_tmpa_int=\count311
)
\l__mhchem_ce_distanceFromLastComma_int=\count312
\__mhchem_arrow_extPgfLength_skip=\skip68
\mhchem@minispace@tmp=\skip69
\mhchem@minibackspace@tmp=\skip70
\mhchem@bondwidth=\skip71
\mhchem@bondheight=\skip72
\mhchem@smallbondwidth@tmpA=\skip73
\mhchem@smallbondwidth@tmpB=\skip74
\mhchem@smallbondwidth=\skip75
\mhchem@bondtmp@minussidebearingleft=\skip76
\mhchem@bondtmp@minussidebearingright=\skip77
\l__mhchem_option_version_int=\count313
\mhchem@option@minusmathsidebearingleft=\dimen196
\mhchem@option@minusmathsidebearingright=\dimen197
\mhchem@option@minustextsidebearingleft=\dimen198
\mhchem@option@minustextsidebearingright=\dimen199


Package mhchem Warning: You did not specify a 'version' option for the mhchem
(mhchem)                package. Please write \usepackage[version=4]{mhchem}
(mhchem)                in your preamble (or any lower number for
(mhchem)                compatibility mode), because you might get slightly
(mhchem)                different output with the same input in future versions
.

) ("C:\Program Files\MiKTeX 2.9\tex/latex/tools\bm.sty"
Package: bm 2019/07/24 v1.2d Bold Symbol Support (DPC/FMi)
LaTeX Info: Redefining \bm on input line 209.
)
("C:\Program Files\MiKTeX 2.9\tex/latex/blkarray\blkarray.sty"
Package: blkarray 2015/02/27 v0.07 Block array (dpc)
\c@BAenumi=\count314
\BA@col=\count315
\BA@block@cnt=\count316
\BA@final@box=\box65
\BA@first@box=\box66
\BA@colsep=\dimen256
\BA@ftn=\toks31
\BAextrarowheight=\dimen257
\BAextraheightafterhline=\dimen258
\BAarrayrulewidth=\dimen259
\BAdoublerulesep=\dimen260
\BAfootskip=\dimen261
\BA@dashbox=\box67
\BA@ddashbox=\box68
)
("C:\Program Files\MiKTeX 2.9\tex/latex/was\gensymb.sty"
Package: gensymb 2003/07/02 v1.0 (WaS)
)
("C:\Program Files\MiKTeX 2.9\tex/latex/fontawesome\fontawesome.sty"
Package: fontawesome 2016/05/15 v4.6.3.1 font awesome icons

("C:\Program Files\MiKTeX 2.9\tex/generic/iftex\ifxetex.sty"
Package: ifxetex 2019/10/25 v0.7 ifxetex legacy package. Use iftex instead.
)
("C:\Program Files\MiKTeX 2.9\tex/latex/fontawesome\fontawesomesymbols-generic.
tex")
("C:\Program Files\MiKTeX 2.9\tex/latex/fontawesome\fontawesomesymbols-pdftex.t
ex")) ("C:\Program Files\MiKTeX 2.9\tex/latex/xcolor\xcolor.sty"
Package: xcolor 2016/05/11 v2.12 LaTeX color extensions (UK)

("C:\Program Files\MiKTeX 2.9\tex/latex/graphics-cfg\color.cfg"
File: color.cfg 2016/01/02 v1.6 sample color configuration
)
Package xcolor Info: Package option `usenames' ignored on input line 216.
Package xcolor Info: Package option `usenames' ignored on input line 216.
Package xcolor Info: Driver file: pdftex.def on input line 225.
LaTeX Info: Redefining \color on input line 709.
Package xcolor Info: Model `cmy' substituted by `cmy0' on input line 1348.
Package xcolor Info: Model `hsb' substituted by `rgb' on input line 1352.
Package xcolor Info: Model `RGB' extended on input line 1364.
Package xcolor Info: Model `HTML' substituted by `rgb' on input line 1366.
Package xcolor Info: Model `Hsb' substituted by `hsb' on input line 1367.
Package xcolor Info: Model `tHsb' substituted by `hsb' on input line 1368.
Package xcolor Info: Model `HSB' substituted by `hsb' on input line 1369.
Package xcolor Info: Model `Gray' substituted by `gray' on input line 1370.
Package xcolor Info: Model `wave' substituted by `hsb' on input line 1371.

("C:\Program Files\MiKTeX 2.9\tex/latex/graphics\dvipsnam.def"
File: dvipsnam.def 2016/06/17 v3.0m Driver-dependent file (DPC,SPQR)
))
("C:\Program Files\MiKTeX 2.9\tex/latex/parskip\parskip.sty"
Package: parskip 2020-06-15 v2.0f non-zero parskip adjustments
)
("C:\Program Files\MiKTeX 2.9\tex/latex/tools\afterpage.sty"
Package: afterpage 2014/10/28 v1.08 After-Page Package (DPC)
\AP@output=\toks32
\AP@partial=\box69
\AP@footins=\box70
)
("C:\Program Files\MiKTeX 2.9\tex/latex/units\nicefrac.sty"
Package: nicefrac 1998/08/04 v0.9b Nice fractions
\L@UnitsRaiseDisplaystyle=\skip78
\L@UnitsRaiseTextstyle=\skip79
\L@UnitsRaiseScriptstyle=\skip80
)
("C:\Program Files\MiKTeX 2.9\tex/latex/ragged2e\ragged2e.sty"
Package: ragged2e 2019/07/28 v2.2 ragged2e Package (MS)

("C:\Program Files\MiKTeX 2.9\tex/latex/ms\everysel.sty"
Package: everysel 2011/10/28 v1.2 EverySelectfont Package (MS)
)
\CenteringLeftskip=\skip81
\RaggedLeftLeftskip=\skip82
\RaggedRightLeftskip=\skip83
\CenteringRightskip=\skip84
\RaggedLeftRightskip=\skip85
\RaggedRightRightskip=\skip86
\CenteringParfillskip=\skip87
\RaggedLeftParfillskip=\skip88
\RaggedRightParfillskip=\skip89
\JustifyingParfillskip=\skip90
\CenteringParindent=\skip91
\RaggedLeftParindent=\skip92
\RaggedRightParindent=\skip93
\JustifyingParindent=\skip94
)
("C:\Program Files\MiKTeX 2.9\tex/latex/caption\caption.sty"
Package: caption 2020/05/30 v3.4k Customizing captions (AR)

("C:\Program Files\MiKTeX 2.9\tex/latex/caption\caption3.sty"
Package: caption3 2020/07/20 v1.12b caption3 kernel (AR)
Package caption3 Info: TeX engine: e-TeX on input line 61.
\captionmargin=\dimen262
\captionmargin@=\dimen263
\captionwidth=\dimen264
\caption@tempdima=\dimen265
\caption@indent=\dimen266
\caption@parindent=\dimen267
\caption@hangindent=\dimen268
Package caption Info: Standard document class detected.
)
\c@caption@flags=\count317
\c@continuedfloat=\count318
Package caption Info: float package is loaded.
Package caption Info: hyperref package is loaded.
)
("C:\Program Files\MiKTeX 2.9\tex/latex/caption\subcaption.sty"
Package: subcaption 2020/01/22 v1.3d Sub-captions (AR)
\c@subfigure=\count319
\c@subtable=\count320
)
("C:\Program Files\MiKTeX 2.9\tex/latex/siunitx\siunitx.sty"
Package: siunitx 2020/02/25 v2.8b A comprehensive (SI) units package
\l__siunitx_tmp_box=\box71
\l__siunitx_tmp_dim=\dimen269
\l__siunitx_tmp_int=\count321
\l__siunitx_number_mantissa_length_int=\count322
\l__siunitx_number_uncert_length_int=\count323
\l__siunitx_round_int=\count324
\l__siunitx_process_decimal_int=\count325
\l__siunitx_process_uncertainty_int=\count326
\l__siunitx_process_fixed_int=\count327
\l__siunitx_process_integer_min_int=\count328
\l__siunitx_process_precision_int=\count329
\l__siunitx_group_min_int=\count330
\l__siunitx_angle_marker_box=\box72
\l__siunitx_angle_unit_box=\box73
\l__siunitx_angle_marker_dim=\dimen270
\l__siunitx_angle_unit_dim=\dimen271
\l__siunitx_unit_int=\count331
\l__siunitx_unit_denominator_int=\count332
\l__siunitx_unit_numerator_int=\count333
\l__siunitx_unit_prefix_int=\count334
\l__siunitx_unit_prefix_base_int=\count335
\l__siunitx_unit_prefix_gram_int=\count336
\l__siunitx_number_product_int=\count337
\c__siunitx_one_fill_skip=\skip95
\l__siunitx_table_unit_align_skip=\skip96
\l__siunitx_table_exponent_dim=\dimen272
\l__siunitx_table_integer_dim=\dimen273
\l__siunitx_table_mantissa_dim=\dimen274
\l__siunitx_table_marker_dim=\dimen275
\l__siunitx_table_result_dim=\dimen276
\l__siunitx_table_uncert_dim=\dimen277
\l__siunitx_table_fill_pre_dim=\dimen278
\l__siunitx_table_fill_post_dim=\dimen279
\l__siunitx_table_fill_mid_dim=\dimen280
\l__siunitx_table_pre_box=\box74
\l__siunitx_table_post_box=\box75
\l__siunitx_table_mantissa_box=\box76
\l__siunitx_table_result_box=\box77
\l__siunitx_table_number_align_skip=\skip97
\l__siunitx_table_text_align_skip=\skip98

("C:\Program Files\MiKTeX 2.9\tex/latex/translator\translator.sty"
Package: translator 2020-08-03 v1.12c Easy translation of strings in LaTeX
))
("C:\Program Files\MiKTeX 2.9\tex/latex/biblatex\biblatex.sty"
Package: biblatex 2019/12/01 v3.14 programmable bibliographies (PK/MW)

("C:\Program Files\MiKTeX 2.9\tex/latex/logreq\logreq.sty"
Package: logreq 2010/08/04 v1.0 xml request logger
\lrq@indent=\count338

("C:\Program Files\MiKTeX 2.9\tex/latex/logreq\logreq.def"
File: logreq.def 2010/08/04 v1.0 logreq spec v1.0
))
\c@tabx@nest=\count339
\c@listtotal=\count340
\c@listcount=\count341
\c@liststart=\count342
\c@liststop=\count343
\c@citecount=\count344
\c@citetotal=\count345
\c@multicitecount=\count346
\c@multicitetotal=\count347
\c@instcount=\count348
\c@maxnames=\count349
\c@minnames=\count350
\c@maxitems=\count351
\c@minitems=\count352
\c@citecounter=\count353
\c@maxcitecounter=\count354
\c@savedcitecounter=\count355
\c@uniquelist=\count356
\c@uniquename=\count357
\c@refsection=\count358
\c@refsegment=\count359
\c@maxextratitle=\count360
\c@maxextratitleyear=\count361
\c@maxextraname=\count362
\c@maxextradate=\count363
\c@maxextraalpha=\count364
\c@abbrvpenalty=\count365
\c@highnamepenalty=\count366
\c@lownamepenalty=\count367
\c@maxparens=\count368
\c@parenlevel=\count369
\blx@tempcnta=\count370
\blx@tempcntb=\count371
\blx@tempcntc=\count372
\blx@maxsection=\count373
\blx@maxsegment@0=\count374
\blx@notetype=\count375
\blx@parenlevel@text=\count376
\blx@parenlevel@foot=\count377
\blx@sectionciteorder@0=\count378
\blx@entrysetcounter=\count379
\labelnumberwidth=\skip99
\labelalphawidth=\skip100
\biblabelsep=\skip101
\bibitemsep=\skip102
\bibnamesep=\skip103
\bibinitsep=\skip104
\bibparsep=\skip105
\bibhang=\skip106
\blx@bcfin=\read4
\blx@bcfout=\write5
\blx@langwohyphens=\language79
\c@mincomprange=\count380
\c@maxcomprange=\count381
\c@mincompwidth=\count382
Package biblatex Info: Trying to load biblatex default data model...
Package biblatex Info: ... file 'blx-dm.def' found.

("C:\Program Files\MiKTeX 2.9\tex/latex/biblatex\blx-dm.def"
File: blx-dm.def 2019/12/01 v3.14 biblatex localization (PK/MW)
)
Package biblatex Info: Trying to load biblatex style data model...
Package biblatex Info: ... file 'numeric-comp.dbx' not found.
Package biblatex Info: Trying to load biblatex custom data model...
Package biblatex Info: ... file 'biblatex-dm.cfg' not found.
\c@afterword=\count383
\c@savedafterword=\count384
\c@annotator=\count385
\c@savedannotator=\count386
\c@author=\count387
\c@savedauthor=\count388
\c@bookauthor=\count389
\c@savedbookauthor=\count390
\c@commentator=\count391
\c@savedcommentator=\count392
\c@editor=\count393
\c@savededitor=\count394
\c@editora=\count395
\c@savededitora=\count396
\c@editorb=\count397
\c@savededitorb=\count398
\c@editorc=\count399
\c@savededitorc=\count400
\c@foreword=\count401
\c@savedforeword=\count402
\c@holder=\count403
\c@savedholder=\count404
\c@introduction=\count405
\c@savedintroduction=\count406
\c@namea=\count407
\c@savednamea=\count408
\c@nameb=\count409
\c@savednameb=\count410
\c@namec=\count411
\c@savednamec=\count412
\c@translator=\count413
\c@savedtranslator=\count414
\c@shortauthor=\count415
\c@savedshortauthor=\count416
\c@shorteditor=\count417
\c@savedshorteditor=\count418
\c@labelname=\count419
\c@savedlabelname=\count420
\c@institution=\count421
\c@savedinstitution=\count422
\c@lista=\count423
\c@savedlista=\count424
\c@listb=\count425
\c@savedlistb=\count426
\c@listc=\count427
\c@savedlistc=\count428
\c@listd=\count429
\c@savedlistd=\count430
\c@liste=\count431
\c@savedliste=\count432
\c@listf=\count433
\c@savedlistf=\count434
\c@location=\count435
\c@savedlocation=\count436
\c@organization=\count437
\c@savedorganization=\count438
\c@origlocation=\count439
\c@savedoriglocation=\count440
\c@origpublisher=\count441
\c@savedorigpublisher=\count442
\c@publisher=\count443
\c@savedpublisher=\count444
\c@language=\count445
\c@savedlanguage=\count446
\c@origlanguage=\count447
\c@savedoriglanguage=\count448
\c@pageref=\count449
\c@savedpageref=\count450
\shorthandwidth=\skip107
\shortjournalwidth=\skip108
\shortserieswidth=\skip109
\shorttitlewidth=\skip110
\shortauthorwidth=\skip111
\shorteditorwidth=\skip112
\locallabelnumberwidth=\skip113
\locallabelalphawidth=\skip114
\localshorthandwidth=\skip115
\localshortjournalwidth=\skip116
\localshortserieswidth=\skip117
\localshorttitlewidth=\skip118
\localshortauthorwidth=\skip119
\localshorteditorwidth=\skip120
Package biblatex Info: Trying to load compatibility code...
Package biblatex Info: ... file 'blx-compat.def' found.

("C:\Program Files\MiKTeX 2.9\tex/latex/biblatex\blx-compat.def"
File: blx-compat.def 2019/12/01 v3.14 biblatex compatibility (PK/MW)
)
Package biblatex Info: Trying to load generic definitions...
Package biblatex Info: ... file 'biblatex.def' found.

("C:\Program Files\MiKTeX 2.9\tex/latex/biblatex\biblatex.def"
File: biblatex.def 2019/12/01 v3.14 biblatex compatibility (PK/MW)
\c@textcitecount=\count451
\c@textcitetotal=\count452
\c@textcitemaxnames=\count453
\c@biburlbigbreakpenalty=\count454
\c@biburlbreakpenalty=\count455
\c@biburlnumpenalty=\count456
\c@biburlucpenalty=\count457
\c@biburllcpenalty=\count458
\biburlbigskip=\muskip18
\biburlnumskip=\muskip19
\biburlucskip=\muskip20
\biburllcskip=\muskip21
\c@smartand=\count459
)
Package biblatex Info: Trying to load bibliography style 'numeric-comp'...
Package biblatex Info: ... file 'numeric-comp.bbx' found.

("C:\Program Files\MiKTeX 2.9\tex/latex/biblatex/bbx\numeric-comp.bbx"
File: numeric-comp.bbx 2019/12/01 v3.14 biblatex bibliography style (PK/MW)
Package biblatex Info: Trying to load bibliography style 'numeric'...
Package biblatex Info: ... file 'numeric.bbx' found.

("C:\Program Files\MiKTeX 2.9\tex/latex/biblatex/bbx\numeric.bbx"
File: numeric.bbx 2019/12/01 v3.14 biblatex bibliography style (PK/MW)
Package biblatex Info: Trying to load bibliography style 'standard'...
Package biblatex Info: ... file 'standard.bbx' found.

("C:\Program Files\MiKTeX 2.9\tex/latex/biblatex/bbx\standard.bbx"
File: standard.bbx 2019/12/01 v3.14 biblatex bibliography style (PK/MW)
\c@bbx:relatedcount=\count460
\c@bbx:relatedtotal=\count461
)))
Package biblatex Info: Trying to load citation style 'numeric-comp'...
Package biblatex Info: ... file 'numeric-comp.cbx' found.

("C:\Program Files\MiKTeX 2.9\tex/latex/biblatex/cbx\numeric-comp.cbx"
File: numeric-comp.cbx 2019/12/01 v3.14 biblatex citation style (PK/MW)
\c@cbx@tempcnta=\count462
\c@cbx@tempcntb=\count463
Package biblatex Info: Redefining '\cite'.
Package biblatex Info: Redefining '\parencite'.
Package biblatex Info: Redefining '\footcite'.
Package biblatex Info: Redefining '\footcitetext'.
Package biblatex Info: Redefining '\smartcite'.
Package biblatex Info: Redefining '\supercite'.
Package biblatex Info: Redefining '\textcite'.
Package biblatex Info: Redefining '\textcites'.
Package biblatex Info: Redefining '\cites'.
Package biblatex Info: Redefining '\parencites'.
Package biblatex Info: Redefining '\smartcites'.
)
Package biblatex Info: Trying to load configuration file...
Package biblatex Info: ... file 'biblatex.cfg' found.

("C:\Program Files\MiKTeX 2.9\tex/latex/biblatex\biblatex.cfg"
File: biblatex.cfg 
))
("C:\Program Files\MiKTeX 2.9\tex/latex/algorithm2e\algorithm2e.sty"
Package: algorithm2e 2017/07/18 v5.2 algorithms environments
\c@AlgoLine=\count464
\algocf@hangindent=\skip121

("C:\Program Files\MiKTeX 2.9\tex/latex/ifoddpage\ifoddpage.sty"
Package: ifoddpage 2016/04/23 v1.1 Conditionals for odd/even page detection
\c@checkoddpage=\count465
)
("C:\Program Files\MiKTeX 2.9\tex/latex/tools\xspace.sty"
Package: xspace 2014/10/28 v1.13 Space after command names (DPC,MH)
)
("C:\Program Files\MiKTeX 2.9\tex/latex/relsize\relsize.sty"
Package: relsize 2013/03/29 ver 4.1
)
\skiptotal=\skip122
\skiplinenumber=\skip123
\skiprule=\skip124
\skiphlne=\skip125
\skiptext=\skip126
\skiplength=\skip127
\algomargin=\skip128
\skipalgocfslide=\skip129
\algowidth=\dimen281
\inoutsize=\dimen282
\inoutindent=\dimen283
\interspacetitleruled=\dimen284
\interspacealgoruled=\dimen285
\interspacetitleboxruled=\dimen286
\algocf@ruledwidth=\skip130
\algocf@inoutbox=\box78
\algocf@inputbox=\box79
\AlCapSkip=\skip131
\AlCapHSkip=\skip132
\algoskipindent=\skip133
\algocf@nlbox=\box80
\algocf@hangingbox=\box81
\algocf@untilbox=\box82
\algocf@skipuntil=\skip134
\algocf@capbox=\box83
\algocf@lcaptionbox=\skip135
\algoheightruledefault=\skip136
\algoheightrule=\skip137
\algotitleheightruledefault=\skip138
\algotitleheightrule=\skip139
\c@algocfline=\count466
\c@algocfproc=\count467
\c@algocf=\count468
\algocf@algoframe=\box84
\algocf@algobox=\box85
)
("C:\Program Files\MiKTeX 2.9\tex/latex/listings\listings.sty"
\lst@mode=\count469
\lst@gtempboxa=\box86
\lst@token=\toks33
\lst@length=\count470
\lst@currlwidth=\dimen287
\lst@column=\count471
\lst@pos=\count472
\lst@lostspace=\dimen288
\lst@width=\dimen289
\lst@newlines=\count473
\lst@lineno=\count474
\lst@maxwidth=\dimen290

("C:\Program Files\MiKTeX 2.9\tex/latex/listings\lstmisc.sty"
File: lstmisc.sty 2020/03/24 1.8d (Carsten Heinz)
\c@lstnumber=\count475
\lst@skipnumbers=\count476
\lst@framebox=\box87
)
("C:\Program Files\MiKTeX 2.9\tex/latex/listings\listings.cfg"
File: listings.cfg 2020/03/24 1.8d listings configuration
))
Package: listings 2020/03/24 1.8d (Carsten Heinz)

("C:\Program Files\MiKTeX 2.9\tex/latex/amscls\amsthm.sty"
Package: amsthm 2020/05/29 v2.20.6
\thm@style=\toks34
\thm@bodyfont=\toks35
\thm@headfont=\toks36
\thm@notefont=\toks37
\thm@headpunct=\toks38
\thm@preskip=\skip140
\thm@postskip=\skip141
\thm@headsep=\skip142
\dth@everypar=\toks39
LaTeX Info: Redefining \textsquare on input line 427.
)
\c@theorem=\count477
\c@prop=\count478

("C:\Program Files\MiKTeX 2.9\tex/latex/oberdiek\hypcap.sty"
Package: hypcap 2016/05/16 v1.12 Adjusting the anchors of captions (HO)
)
("C:\Program Files\MiKTeX 2.9\tex/latex/cleveref\cleveref.sty"
Package: cleveref 2018/03/27 v0.21.4 Intelligent cross-referencing
Package cleveref Info: `hyperref' support loaded on input line 2370.
LaTeX Info: Redefining \cref on input line 2370.
LaTeX Info: Redefining \Cref on input line 2370.
LaTeX Info: Redefining \crefrange on input line 2370.
LaTeX Info: Redefining \Crefrange on input line 2370.
LaTeX Info: Redefining \cpageref on input line 2370.
LaTeX Info: Redefining \Cpageref on input line 2370.
LaTeX Info: Redefining \cpagerefrange on input line 2370.
LaTeX Info: Redefining \Cpagerefrange on input line 2370.
LaTeX Info: Redefining \labelcref on input line 2370.
LaTeX Info: Redefining \labelcpageref on input line 2370.
Package cleveref Info: `amsthm' support loaded on input line 3026.
Package cleveref Info: `listings' support loaded on input line 3131.
Package cleveref Info: `algorithm2e' support loaded on input line 3147.
Package cleveref Info: always capitalise cross-reference names on input line 78
30.
Package cleveref Info: always capitalise cross-reference names on input line 78
52.
)
("C:\Program Files\MiKTeX 2.9\tex/latex/glossaries/base\glossaries.sty"
Package: glossaries 2020/03/19 v4.46 (NLCT)

("C:\Program Files\MiKTeX 2.9\tex/latex/mfirstuc\mfirstuc.sty"
Package: mfirstuc 2017/11/14 v2.06 (NLCT)
\@glsmfirst=\toks40
\@glsmrest=\toks41
)
("C:\Program Files\MiKTeX 2.9\tex/latex/textcase\textcase.sty"
Package: textcase 2019/09/14 v1.00 Text only upper/lower case changing (DPC)
)
("C:\Program Files\MiKTeX 2.9\tex/latex/xfor\xfor.sty"
Package: xfor 2009/02/05 v1.05 (NLCT)
)
("C:\Program Files\MiKTeX 2.9\tex/latex/datatool\datatool-base.sty"
Package: datatool-base 2019/09/27 v2.32 (NLCT)

("C:\Program Files\MiKTeX 2.9\tex/latex/substr\substr.sty"
Package: substr 2009/10/20 v1.2 Handle substrings
\c@su@anzahl=\count479
)
("C:\Program Files\MiKTeX 2.9\tex/latex/datatool\datatool-fp.sty"
Package: datatool-fp 2019/09/27 v2.32 (NLCT)

("C:\Program Files\MiKTeX 2.9\tex/latex/fp\fp.sty"
Package: fp 1995/04/02

`Fixed Point Package', Version 0.8, April 2, 1995 (C) Michael Mehlich
("C:\Program Files\MiKTeX 2.9\tex/latex/fp\defpattern.sty"
Package: defpattern 1994/10/12
\actioncount=\count480
)
("C:\Program Files\MiKTeX 2.9\tex/latex/fp\fp-basic.sty"
Package: fp-basic 1996/05/13
\FP@xs=\count481
\FP@xia=\count482
\FP@xib=\count483
\FP@xfa=\count484
\FP@xfb=\count485
\FP@rega=\count486
\FP@regb=\count487
\FP@regs=\count488
\FP@times=\count489
)
("C:\Program Files\MiKTeX 2.9\tex/latex/fp\fp-addons.sty"
Package: fp-addons 1995/03/15
)
("C:\Program Files\MiKTeX 2.9\tex/latex/fp\fp-snap.sty"
Package: fp-snap 1995/04/05
)
("C:\Program Files\MiKTeX 2.9\tex/latex/fp\fp-exp.sty"
Package: fp-exp 1995/04/03
)
("C:\Program Files\MiKTeX 2.9\tex/latex/fp\fp-trigo.sty"
Package: fp-trigo 1995/04/14
)
("C:\Program Files\MiKTeX 2.9\tex/latex/fp\fp-pas.sty"
Package: fp-pas 1994/08/29
)
("C:\Program Files\MiKTeX 2.9\tex/latex/fp\fp-random.sty"
Package: fp-random 1995/02/23
\FPseed=\count490
)
("C:\Program Files\MiKTeX 2.9\tex/latex/fp\fp-eqn.sty"
Package: fp-eqn 1995/04/03
)
("C:\Program Files\MiKTeX 2.9\tex/latex/fp\fp-upn.sty"
Package: fp-upn 1996/10/21
)
("C:\Program Files\MiKTeX 2.9\tex/latex/fp\fp-eval.sty"
Package: fp-eval 1995/04/03
)))
\@dtl@toks=\toks42
\@dtl@tmpcount=\count491
\dtl@tmplength=\skip143
\dtl@sortresult=\count492
\@dtl@numgrpsepcount=\count493
\@dtl@datatype=\count494
\dtl@codeA=\count495
\dtl@codeB=\count496
\@dtl@foreach@level=\count497
)
("C:\Program Files\MiKTeX 2.9\tex/latex/glossaries/base\glossaries-compatible-3
07.sty"
Package: glossaries-compatible-307 2020/03/19 v4.46 (NLCT)
) ("C:\Program Files\MiKTeX 2.9\tex/latex/tracklang\tracklang.sty"
Package: tracklang 2020/06/30 v1.5 (NLCT) Track Languages

("C:\Program Files\MiKTeX 2.9\tex/generic/tracklang\tracklang.tex"))
("C:\Program Files\MiKTeX 2.9\tex/latex/glossaries-english\glossaries-english.l
df"
File: glossaries-english.ldf 2014/11/23 v1.0
)
\gls@level=\count498
\@gls@tmpb=\toks43
\gls@tmplen=\skip144
\glskeylisttok=\toks44
\glslabeltok=\toks45
\glsshorttok=\toks46
\glslongtok=\toks47

("C:\Program Files\MiKTeX 2.9\tex/latex/glossaries/styles\glossary-hypernav.sty
"
Package: glossary-hypernav 2020/03/19 v4.46 (NLCT)
) ("C:\Program Files\MiKTeX 2.9\tex/latex/glossaries/styles\glossary-list.sty"
Package: glossary-list 2020/03/19 v4.46 (NLCT)
\glslistdottedwidth=\skip145
) ("C:\Program Files\MiKTeX 2.9\tex/latex/glossaries/styles\glossary-long.sty"
Package: glossary-long 2020/03/19 v4.46 (NLCT)

("C:\Program Files\MiKTeX 2.9\tex/latex/tools\longtable.sty"
Package: longtable 2020/01/07 v4.13 Multi-page Table package (DPC)
\LTleft=\skip146
\LTright=\skip147
\LTpre=\skip148
\LTpost=\skip149
\LTchunksize=\count499
\LTcapwidth=\dimen291
\LT@head=\box88
\LT@firsthead=\box89
\LT@foot=\box90
\LT@lastfoot=\box91
\LT@cols=\count500
\LT@rows=\count501
\c@LT@tables=\count502
\c@LT@chunks=\count503
\LT@p@ftn=\toks48
)
\glsdescwidth=\skip150
\glspagelistwidth=\skip151
)
("C:\Program Files\MiKTeX 2.9\tex/latex/glossaries/styles\glossary-super.sty"
Package: glossary-super 2020/03/19 v4.46 (NLCT)

("C:\Program Files\MiKTeX 2.9\tex/latex/supertabular\supertabular.sty"
Package: supertabular 2020/02/02 v4.1g the supertabular environment
\c@tracingst=\count504
\ST@wd=\dimen292
\ST@rightskip=\skip152
\ST@leftskip=\skip153
\ST@parfillskip=\skip154
\ST@pageleft=\dimen293
\ST@headht=\dimen294
\ST@tailht=\dimen295
\ST@pagesofar=\dimen296
\ST@pboxht=\dimen297
\ST@lineht=\dimen298
\ST@prevht=\dimen299
\ST@toadd=\dimen300
\ST@dimen=\dimen301
\ST@pbox=\box92
))
("C:\Program Files\MiKTeX 2.9\tex/latex/glossaries/styles\glossary-tree.sty"
Package: glossary-tree 2020/03/19 v4.46 (NLCT)
\glstreeindent=\skip155
))
("C:\Program Files\MiKTeX 2.9\tex/latex/geometry\geometry.sty"
Package: geometry 2020/01/02 v5.9 Page Geometry

("C:\Program Files\MiKTeX 2.9\tex/generic/iftex\ifvtex.sty"
Package: ifvtex 2019/10/25 v1.7 ifvtex legacy package. Use iftex instead.
)
\Gm@cnth=\count505
\Gm@cntv=\count506
\c@Gm@tempcnt=\count507
\Gm@bindingoffset=\dimen302
\Gm@wd@mp=\dimen303
\Gm@odd@mp=\dimen304
\Gm@even@mp=\dimen305
\Gm@layoutwidth=\dimen306
\Gm@layoutheight=\dimen307
\Gm@layouthoffset=\dimen308
\Gm@layoutvoffset=\dimen309
\Gm@dimlist=\toks49

("C:\Program Files\MiKTeX 2.9\tex/latex/geometry\geometry.cfg"))
("C:\Program Files\MiKTeX 2.9\tex/latex/fancyhdr\fancyhdr.sty"
Package: fancyhdr 2019/01/31 v3.10 Extensive control of page headers and footer
s
\f@nch@headwidth=\skip156
\f@nch@O@elh=\skip157
\f@nch@O@erh=\skip158
\f@nch@O@olh=\skip159
\f@nch@O@orh=\skip160
\f@nch@O@elf=\skip161
\f@nch@O@erf=\skip162
\f@nch@O@olf=\skip163
\f@nch@O@orf=\skip164
)
("C:\Program Files\MiKTeX 2.9\tex/latex/tocbibind\tocbibind.sty"
Package: tocbibind 2010/10/13 v1.5k extra ToC listings
Package tocbibind Info: The document has section divisions on input line 50.


Package tocbibind Note: Using section or other style headings.

)) (preamble/preamble_math.tex) (preamble/preamble_acronyms.tex)
runsystem(for ^%i in (pygmentize.exe pygmentize.bat pygmentize.cmd) do set > ch
em_ia.aex <nul: /p x=^%~$PATH:i>> chem_ia.aex)...executed.

runsystem(del chem_ia.aex)...executed.

\@quotelevel=\count508
\@quotereset=\count509
 (chem_ia.aux)
\openout1 = `chem_ia.aux'.

LaTeX Font Info:    Checking defaults for OML/txmi/m/it on input line 45.
LaTeX Font Info:    Trying to load font information for OML+txmi on input line 
45.

("C:\Program Files\MiKTeX 2.9\tex/latex/txfonts\omltxmi.fd"
File: omltxmi.fd 2000/12/15 v3.1
)
LaTeX Font Info:    ... okay on input line 45.
LaTeX Font Info:    Checking defaults for OMS/txsy/m/n on input line 45.
LaTeX Font Info:    Trying to load font information for OMS+txsy on input line 
45.

("C:\Program Files\MiKTeX 2.9\tex/latex/txfonts\omstxsy.fd"
File: omstxsy.fd 2000/12/15 v3.1
)
LaTeX Font Info:    ... okay on input line 45.
LaTeX Font Info:    Checking defaults for OT1/cmr/m/n on input line 45.
LaTeX Font Info:    ... okay on input line 45.
LaTeX Font Info:    Checking defaults for T1/cmr/m/n on input line 45.
LaTeX Font Info:    ... okay on input line 45.
LaTeX Font Info:    Checking defaults for TS1/cmr/m/n on input line 45.
LaTeX Font Info:    ... okay on input line 45.
LaTeX Font Info:    Checking defaults for OMX/txex/m/n on input line 45.
LaTeX Font Info:    Trying to load font information for OMX+txex on input line 
45.

("C:\Program Files\MiKTeX 2.9\tex/latex/txfonts\omxtxex.fd"
File: omxtxex.fd 2000/12/15 v3.1
)
LaTeX Font Info:    ... okay on input line 45.
LaTeX Font Info:    Checking defaults for U/txexa/m/n on input line 45.
LaTeX Font Info:    Trying to load font information for U+txexa on input line 4
5.

("C:\Program Files\MiKTeX 2.9\tex/latex/txfonts\utxexa.fd"
File: utxexa.fd 2000/12/15 v3.1
)
LaTeX Font Info:    ... okay on input line 45.
LaTeX Font Info:    Checking defaults for PD1/pdf/m/n on input line 45.
LaTeX Font Info:    ... okay on input line 45.
LaTeX Font Info:    Trying to load font information for T1+txr on input line 45
.

("C:\Program Files\MiKTeX 2.9\tex/latex/txfonts\t1txr.fd"
File: t1txr.fd 2000/12/15 v3.1
)
("C:\Program Files\MiKTeX 2.9\tex/context/base/mkii\supp-pdf.mkii"
[Loading MPS to PDF converter (version 2006.09.02).]
\scratchcounter=\count510
\scratchdimen=\dimen310
\scratchbox=\box93
\nofMPsegments=\count511
\nofMParguments=\count512
\everyMPshowfont=\toks50
\MPscratchCnt=\count513
\MPscratchDim=\dimen311
\MPnumerator=\count514
\makeMPintoPDFobject=\count515
\everyMPtoPDFconversion=\toks51
) ("C:\Program Files\MiKTeX 2.9\tex/latex/epstopdf-pkg\epstopdf-base.sty"
Package: epstopdf-base 2020-01-24 v2.11 Base part for package epstopdf

("C:\Program Files\MiKTeX 2.9\tex/latex/grfext\grfext.sty"
Package: grfext 2019/12/03 v1.3 Manage graphics extensions (HO)
)
Package epstopdf-base Info: Redefining graphics rule for `.eps' on input line 4
85.
Package grfext Info: Graphics extension search list:
(grfext)             [.pdf,.png,.jpg,.mps,.jpeg,.jbig2,.jb2,.PDF,.PNG,.JPG,.JPE
G,.JBIG2,.JB2,.eps]
(grfext)             \AppendGraphicsExtensions on input line 504.
)
\AtBeginShipoutBox=\box94
Package hyperref Info: Link coloring ON on input line 45.

("C:\Program Files\MiKTeX 2.9\tex/latex/hyperref\nameref.sty"
Package: nameref 2019/09/16 v2.46 Cross-referencing by name of section

("C:\Program Files\MiKTeX 2.9\tex/latex/refcount\refcount.sty"
Package: refcount 2019/12/15 v3.6 Data extraction from label references (HO)
)
("C:\Program Files\MiKTeX 2.9\tex/generic/gettitlestring\gettitlestring.sty"
Package: gettitlestring 2019/12/15 v1.6 Cleanup title references (HO)
)
\c@section@level=\count516
)
LaTeX Info: Redefining \ref on input line 45.
LaTeX Info: Redefining \pageref on input line 45.
LaTeX Info: Redefining \nameref on input line 45.

(chem_ia.out) (chem_ia.out)
\@outlinefile=\write6
\openout6 = `chem_ia.out'.


Package chemgreek Info: Activating mapping `default' on line 45.

\symgns@font=\mathgroup10
LaTeX Font Info:    Overwriting symbol font `gns@font' in version `bold'
(Font)                  TS1/txr/m/n --> TS1/txr/b/n on input line 45.
Package gensymb Info: Math companion symbols declared on input line 45.
LaTeX Info: Redefining \degree on input line 45.
LaTeX Info: Redefining \celsius on input line 45.
Package gensymb Info: Using text companion symbols for \degree, \celsius and \p
erthousand on input line 45.
LaTeX Info: Redefining \ohm on input line 45.
Package gensymb Info: Using \textohm for \ohm on input line 45.
Package gensymb Info: Using \textmu for \micro on input line 45.
 ABD: EverySelectfont initializing macros
LaTeX Info: Redefining \selectfont on input line 45.
Package caption Info: Begin \AtBeginDocument code.
Package caption Info: hypcap package is loaded.
Package caption Info: listings package is loaded.
Package caption Info: longtable package is loaded.

("C:\Program Files\MiKTeX 2.9\tex/latex/caption\ltcaption.sty"
Package: ltcaption 2020/05/30 v1.4b longtable captions (AR)
)
Package caption Info: supertabular package is loaded.
Package caption Info: End \AtBeginDocument code.


Package siunitx Warning: Column type for cellspace package moved to 'C'.


("C:\Program Files\MiKTeX 2.9\tex/latex/translator\translator-basic-dictionary-
English.dict"
Dictionary: translator-basic-dictionary, Language: English 
)
("C:\Program Files\MiKTeX 2.9\tex/latex/siunitx\siunitx-abbreviations.cfg"
File: siunitx-abbreviations.cfg 2017/11/26 v2.7k siunitx: Abbreviated units
)
Package biblatex Info: Trying to load language 'english'...
Package biblatex Info: ... file 'english.lbx' found.

("C:\Program Files\MiKTeX 2.9\tex/latex/biblatex/lbx\english.lbx"
File: english.lbx 2019/12/01 v3.14 biblatex localization (PK/MW)
)
Package biblatex Info: Input encoding 'utf8' detected.
Package biblatex Info: Automatic encoding selection.
(biblatex)             Assuming data encoding 'utf8'.
\openout5 = `chem_ia.bcf'.

Package biblatex Info: Trying to load bibliographic data...
Package biblatex Info: ... file 'chem_ia.bbl' not found.

No file chem_ia.bbl.
Package biblatex Info: Reference section=0 on input line 45.
Package biblatex Info: Reference segment=0 on input line 45.
\c@lstlisting=\count517
*geometry* driver: auto-detecting
*geometry* detected driver: pdftex
*geometry* verbose mode - [ preamble ] result:
* driver: pdftex
* paper: a4paper
* layout: <same size as paper>
* layoutoffset:(h,v)=(0.0pt,0.0pt)
* modes: includehead includefoot 
* h-part:(L,W,R)=(72.26999pt, 452.9679pt, 72.26999pt)
* v-part:(T,H,B)=(72.26999pt, 700.50687pt, 72.26999pt)
* \paperwidth=597.50787pt
* \paperheight=845.04684pt
* \textwidth=452.9679pt
* \textheight=633.50687pt
* \oddsidemargin=0.0pt
* \evensidemargin=0.0pt
* \topmargin=0.0pt
* \headheight=12.0pt
* \headsep=25.0pt
* \topskip=9.0pt
* \footskip=30.0pt
* \marginparwidth=65.0pt
* \marginparsep=10.0pt
* \columnsep=10.0pt
* \skip\footins=8.0pt plus 4.0pt minus 2.0pt
* \hoffset=0.0pt
* \voffset=0.0pt
* \mag=1000
* \@twocolumnfalse
* \@twosidefalse
* \@mparswitchfalse
* \@reversemarginfalse
* (1in=72.27pt=25.4mm, 1cm=28.453pt)

LaTeX Font Info:    Trying to load font information for OT1+txr on input line 4
5.
("C:\Program Files\MiKTeX 2.9\tex/latex/txfonts\ot1txr.fd"
File: ot1txr.fd 2000/12/15 v3.1
)
LaTeX Font Info:    Trying to load font information for U+txmia on input line 4
5.

("C:\Program Files\MiKTeX 2.9\tex/latex/txfonts\utxmia.fd"
File: utxmia.fd 2000/12/15 v3.1
)
LaTeX Font Info:    Trying to load font information for U+txsya on input line 4
5.

("C:\Program Files\MiKTeX 2.9\tex/latex/txfonts\utxsya.fd"
File: utxsya.fd 2000/12/15 v3.1
)
LaTeX Font Info:    Trying to load font information for U+txsyb on input line 4
5.

("C:\Program Files\MiKTeX 2.9\tex/latex/txfonts\utxsyb.fd"
File: utxsyb.fd 2000/12/15 v3.1
)
LaTeX Font Info:    Trying to load font information for U+txsyc on input line 4
5.

("C:\Program Files\MiKTeX 2.9\tex/latex/txfonts\utxsyc.fd"
File: utxsyc.fd 2000/12/15 v3.1
)
LaTeX Font Info:    Trying to load font information for TS1+txr on input line 4
5.

("C:\Program Files\MiKTeX 2.9\tex/latex/txfonts\ts1txr.fd"
File: ts1txr.fd 2000/12/15 v3.1
)
LaTeX Font Info:    Trying to load font information for OT1+txss on input line 
45.

("C:\Program Files\MiKTeX 2.9\tex/latex/txfonts\ot1txss.fd"
File: ot1txss.fd 2000/12/15 v3.1
)
LaTeX Font Info:    Font shape `OT1/txss/m/n' will be
(Font)              scaled to size 8.54997pt on input line 45.
LaTeX Font Info:    Font shape `OT1/txss/m/n' will be
(Font)              scaled to size 5.69998pt on input line 45.
LaTeX Font Info:    Font shape `OT1/txss/m/n' will be
(Font)              scaled to size 4.74998pt on input line 45.
LaTeX Font Info:    Trying to load font information for OT1+txtt on input line 
45.

("C:\Program Files\MiKTeX 2.9\tex/latex/txfonts\ot1txtt.fd"
File: ot1txtt.fd 2000/12/15 v3.1
)
(sections/titlepage.tex
LaTeX Font Info:    Font shape `T1/txr/b/n' in size <14.4> not available
(Font)              Font shape `T1/txr/bx/n' tried instead on input line 8.
LaTeX Font Info:    Font shape `OT1/txss/m/n' will be
(Font)              scaled to size 10.40245pt on input line 17.
LaTeX Font Info:    Font shape `OT1/txss/m/n' will be
(Font)              scaled to size 7.59998pt on input line 17.
 [1

{C:/Users/rohan/AppData/Local/MiKTeX/2.9/pdftex/config/pdftex.map}]) (sections/
intro.tex
LaTeX Font Info:    Font shape `T1/txr/b/n' in size <10.95> not available
(Font)              Font shape `T1/txr/bx/n' tried instead on input line 2.
LaTeX Font Info:    Font shape `T1/txr/b/n' in size <10> not available
(Font)              Font shape `T1/txr/bx/n' tried instead on input line 5.
LaTeX Font Info:    Font shape `T1/txr/b/n' in size <9> not available
(Font)              Font shape `T1/txr/bx/n' tried instead on input line 6.
) (sections/background.tex
(fig/background_1.tex

pdfTeX warning: pdflatex (file ./fig/images/catalyst_enthalpy.pdf): PDF inclusi
on: found PDF version <1.6>, but at most version <1.5> allowed
<fig/images/catalyst_enthalpy.pdf, id=100, 412.62558pt x 303.84114pt>
File: fig/images/catalyst_enthalpy.pdf Graphic file (type pdf)
<use fig/images/catalyst_enthalpy.pdf>
Package pdftex.def Info: fig/images/catalyst_enthalpy.pdf  used on input line 6
.
(pdftex.def)             Requested size: 203.83417pt x 150.09814pt.
LaTeX Font Info:    Font shape `T1/txr/b/n' in size <8> not available
(Font)              Font shape `T1/txr/bx/n' tried instead on input line 7.


pdfTeX warning: pdflatex (file ./fig/images/catalyst_maxwell.pdf): PDF inclusio
n: found PDF version <1.6>, but at most version <1.5> allowed
<fig/images/catalyst_maxwell.pdf, id=101, 452.63103pt x 303.84114pt>
File: fig/images/catalyst_maxwell.pdf Graphic file (type pdf)
<use fig/images/catalyst_maxwell.pdf>
Package pdftex.def Info: fig/images/catalyst_maxwell.pdf  used on input line 13
.
(pdftex.def)             Requested size: 203.83417pt x 136.82924pt.

Underfull \hbox (badness 1043) in paragraph at lines 14--14
[][]|\T1/txr/m/n/8 The Maxwell Boltz-mann Dis-tri-bu-tion shows how more
 []

)pdfTeX warning (ext4): destination with the same identifier (name{page.1}) has
 been already used, duplicate ignored
<to be read again> 
                   \relax 
l.13 
      [1 <./fig/images/catalyst_enthalpy.pdf> <./fig/images/catalyst_maxwell.pd
f>]

pdfTeX warning: pdflatex (file ./fig/images/mechanism/protonization.pdf): PDF i
nclusion: found PDF version <1.6>, but at most version <1.5> allowed
<fig/images/mechanism/protonization.pdf, id=137, 1107.84888pt x 721.0749pt>
File: fig/images/mechanism/protonization.pdf Graphic file (type pdf)
<use fig/images/mechanism/protonization.pdf>
Package pdftex.def Info: fig/images/mechanism/protonization.pdf  used on input 
line 20.
(pdftex.def)             Requested size: 158.54152pt x 103.18333pt.


pdfTeX warning: pdflatex (file ./fig/images/mechanism/hydration.pdf): PDF inclu
sion: found PDF version <1.6>, but at most version <1.5> allowed
<fig/images/mechanism/hydration.pdf, id=138, 1467.99442pt x 907.39pt>
File: fig/images/mechanism/hydration.pdf Graphic file (type pdf)
<use fig/images/mechanism/hydration.pdf>
Package pdftex.def Info: fig/images/mechanism/hydration.pdf  used on input line
 22.
(pdftex.def)             Requested size: 158.54152pt x 97.98558pt.


pdfTeX warning: pdflatex (file ./fig/images/mechanism/sn2.pdf): PDF inclusion: 
found PDF version <1.6>, but at most version <1.5> allowed
<fig/images/mechanism/sn2.pdf, id=139, 1192.57544pt x 305.42004pt>
File: fig/images/mechanism/sn2.pdf Graphic file (type pdf)
<use fig/images/mechanism/sn2.pdf>
Package pdftex.def Info: fig/images/mechanism/sn2.pdf  used on input line 24.
(pdftex.def)             Requested size: 158.54152pt x 40.60077pt.


pdfTeX warning: pdflatex (file ./fig/images/mechanism/deprotonization.pdf): PDF
 inclusion: found PDF version <1.6>, but at most version <1.5> allowed
<fig/images/mechanism/deprotonization.pdf, id=140, 1171.51678pt x 305.36282pt>
File: fig/images/mechanism/deprotonization.pdf Graphic file (type pdf)
<use fig/images/mechanism/deprotonization.pdf>
Package pdftex.def Info: fig/images/mechanism/deprotonization.pdf  used on inpu
t line 26.
(pdftex.def)             Requested size: 158.54152pt x 41.3247pt.

Overfull \hbox (26.27618pt too wide) in paragraph at lines 16--29
 [][] 
 []

[2 <./fig/images/mechanism/protonization.pdf> <./fig/images/mechanism/hydration
.pdf> <./fig/images/mechanism/sn2.pdf> <./fig/images/mechanism/deprotonization.
pdf>]) (sections/hypothesis.tex) (sections/variables.tex [3] [4])
(sections/methodology.tex [5]
Overfull \hbox (0.928pt too wide) in paragraph at lines 98--112
 [][] 
 []

[6] (fig/visual_setup.tex

pdfTeX warning: pdflatex (file ./fig/images/visual_setup.pdf): PDF inclusion: f
ound PDF version <1.6>, but at most version <1.5> allowed
<fig/images/visual_setup.pdf, id=230, 405.89241pt x 248.61984pt>
File: fig/images/visual_setup.pdf Graphic file (type pdf)
<use fig/images/visual_setup.pdf>
Package pdftex.def Info: fig/images/visual_setup.pdf  used on input line 4.
(pdftex.def)             Requested size: 452.9679pt x 277.46597pt.
)) (sections/results.tex [7 <./fig/images/visual_setup.pdf>]
Overfull \hbox (0.84784pt too wide) detected at line 119
[] \OT1/txr/m/n/9 = [] = []
 []


Underfull \hbox (badness 10000) in paragraph at lines 119--119

 []


Underfull \hbox (badness 10000) in paragraph at lines 119--119

 []


Underfull \hbox (badness 10000) in paragraph at lines 119--119

 []


LaTeX Warning: `!h' float specifier changed to `!ht'.

)

LaTeX Warning: Empty bibliography on input line 62.

Package atveryend Info: Empty hook `BeforeClearDocument' on input line 63.
[8] [9]
Package atveryend Info: Empty hook `AfterLastShipout' on input line 63.
 (chem_ia.aux)
Package atveryend Info: Executing hook `AtVeryEndDocument' on input line 63.
Package atveryend Info: Executing hook `AtEndAfterFileList' on input line 63.
Package rerunfilecheck Info: File `chem_ia.out' has not changed.
(rerunfilecheck)             Checksum: 20F1E5B0213643D7A51ABFD4051882AD;1435.
Package logreq Info: Writing requests to 'chem_ia.run.xml'.
\openout1 = `chem_ia.run.xml'.

Package atveryend Info: Empty hook `AtVeryVeryEnd' on input line 63.
 ) 
Here is how much of TeX's memory you used:
 35490 strings out of 481212
 659497 string characters out of 2913851
 1421240 words of memory out of 3000000
 50373 multiletter control sequences out of 15000+200000
 605178 words of font info for 143 fonts, out of 3000000 for 9000
 1141 hyphenation exceptions out of 8191
 63i,32n,98p,1304b,1184s stack positions out of 5000i,500n,10000p,200000b,50000s
{C:/Program Files/MiKTeX 2.9/fonts/enc/dvips/base/8r.enc}<C:/Program Files/Mi
KTeX 2.9/fonts/type1/public/txfonts/rtcxr.pfb><C:/Program Files/MiKTeX 2.9/font
s/type1/public/txfonts/rtxb.pfb><C:/Program Files/MiKTeX 2.9/fonts/type1/public
/txfonts/rtxmi.pfb><C:/Program Files/MiKTeX 2.9/fonts/type1/public/txfonts/rtxr
.pfb><C:/Program Files/MiKTeX 2.9/fonts/type1/public/txfonts/txex.pfb><C:/Progr
am Files/MiKTeX 2.9/fonts/type1/public/txfonts/txsy.pfb><C:/Program Files/MiKTe
X 2.9/fonts/type1/urw/times/utmb8a.pfb><C:/Program Files/MiKTeX 2.9/fonts/type1
/urw/times/utmr8a.pfb><C:/Program Files/MiKTeX 2.9/fonts/type1/urw/times/utmri8
a.pfb>
Output written on chem_ia.pdf (10 pages, 375874 bytes).
PDF statistics:
 309 PDF objects out of 1000 (max. 8388607)
 71 named destinations out of 1000 (max. 500000)
 212 words of extra memory for PDF output out of 10000 (max. 10000000)

